<?xml version="1.0" encoding="UTF-8"?>
<testsuite name="TicTacToeTest" tests="1" skipped="0" failures="0" errors="0" timestamp="2023-02-22T17:05:56" hostname="LENOVOLEGION5I" time="0.698">
  <properties/>
  <testcase name="start" classname="TicTacToeTest" time="0.698"/>
  <system-out><![CDATA[?[1;31m
Start test 1?[0m
-----------
|       |
|       |
|       |
-----------
Please enter the place of symbol to be inserted
> 4 1
Coordinates should be from 1 to 3!
-----------
|       |
|       |
|       |
-----------
Please enter the place of symbol to be inserted
> 3 4
Coordinates should be from 1 to 3!
-----------
|       |
|       |
|       |
-----------
Please enter the place of symbol to be inserted
> 4 4
Coordinates should be from 1 to 3!
-----------
|       |
|       |
|       |
-----------
Please enter the place of symbol to be inserted
> 2 3
-----------
|       |
|     X |
|       |
-----------
Please enter the place of symbol to be inserted
> 1 4
Coordinates should be from 1 to 3!
-----------
|       |
|     X |
|       |
-----------
Please enter the place of symbol to be inserted
> 2 2
-----------
|       |
|   O X |
|       |
-----------
Please enter the place of symbol to be inserted
> 4 2
Coordinates should be from 1 to 3!
-----------
|       |
|   O X |
|       |
-----------
Please enter the place of symbol to be inserted
> 2 2
This cell is occupied! Choose another one!
-----------
|       |
|   O X |
|       |
-----------
Please enter the place of symbol to be inserted
> 4 1
Coordinates should be from 1 to 3!
-----------
|       |
|   O X |
|       |
-----------
Please enter the place of symbol to be inserted
> 2 2
This cell is occupied! Choose another one!
-----------
|       |
|   O X |
|       |
-----------
Please enter the place of symbol to be inserted
> 1 1
-----------
| X     |
|   O X |
|       |
-----------
Please enter the place of symbol to be inserted
> 1 2
-----------
| X O   |
|   O X |
|       |
-----------
Please enter the place of symbol to be inserted
> 1 3
-----------
| X O X |
|   O X |
|       |
-----------
Please enter the place of symbol to be inserted
> 2 1
-----------
| X O X |
| O O X |
|       |
-----------
Please enter the place of symbol to be inserted
> 2 2
This cell is occupied! Choose another one!
-----------
| X O X |
| O O X |
|       |
-----------
Please enter the place of symbol to be inserted
> 2 3
This cell is occupied! Choose another one!
-----------
| X O X |
| O O X |
|       |
-----------
Please enter the place of symbol to be inserted
> 3 1
-----------
| X O X |
| O O X |
| X     |
-----------
Please enter the place of symbol to be inserted
> 3 2
-----------
| X O X |
| O O X |
| X O   |
-----------
O wins
?[1;31m
Start test 2?[0m
-----------
|       |
|       |
|       |
-----------
Please enter the place of symbol to be inserted
> 4 1
Coordinates should be from 1 to 3!
-----------
|       |
|       |
|       |
-----------
Please enter the place of symbol to be inserted
> 3 2
-----------
|       |
|       |
|   X   |
-----------
Please enter the place of symbol to be inserted
> 2 3
-----------
|       |
|     O |
|   X   |
-----------
Please enter the place of symbol to be inserted
> 2 4
Coordinates should be from 1 to 3!
-----------
|       |
|     O |
|   X   |
-----------
Please enter the place of symbol to be inserted
> 2 3
This cell is occupied! Choose another one!
-----------
|       |
|     O |
|   X   |
-----------
Please enter the place of symbol to be inserted
> 3 3
-----------
|       |
|     O |
|   X X |
-----------
Please enter the place of symbol to be inserted
> 4 1
Coordinates should be from 1 to 3!
-----------
|       |
|     O |
|   X X |
-----------
Please enter the place of symbol to be inserted
> 4 1
Coordinates should be from 1 to 3!
-----------
|       |
|     O |
|   X X |
-----------
Please enter the place of symbol to be inserted
> 2 3
This cell is occupied! Choose another one!
-----------
|       |
|     O |
|   X X |
-----------
Please enter the place of symbol to be inserted
> 3 4
Coordinates should be from 1 to 3!
-----------
|       |
|     O |
|   X X |
-----------
Please enter the place of symbol to be inserted
> 4 2
Coordinates should be from 1 to 3!
-----------
|       |
|     O |
|   X X |
-----------
Please enter the place of symbol to be inserted
> 1 2
-----------
|   O   |
|     O |
|   X X |
-----------
Please enter the place of symbol to be inserted
> 1 3
-----------
|   O X |
|     O |
|   X X |
-----------
Please enter the place of symbol to be inserted
> 2 1
-----------
|   O X |
| O   O |
|   X X |
-----------
Please enter the place of symbol to be inserted
> 2 2
-----------
|   O X |
| O X O |
|   X X |
-----------
Please enter the place of symbol to be inserted
> 2 3
This cell is occupied! Choose another one!
-----------
|   O X |
| O X O |
|   X X |
-----------
Please enter the place of symbol to be inserted
> 3 1
-----------
|   O X |
| O X O |
| O X X |
-----------
Please enter the place of symbol to be inserted
> 3 2
This cell is occupied! Choose another one!
-----------
|   O X |
| O X O |
| O X X |
-----------
Please enter the place of symbol to be inserted
> 3 3
This cell is occupied! Choose another one!
-----------
|   O X |
| O X O |
| O X X |
-----------
Please enter the place of symbol to be inserted
> 1 1
-----------
| X O X |
| O X O |
| O X X |
-----------
X wins
?[1;31m
Start test 3?[0m
-----------
|       |
|       |
|       |
-----------
Please enter the place of symbol to be inserted
> 2 4
Coordinates should be from 1 to 3!
-----------
|       |
|       |
|       |
-----------
Please enter the place of symbol to be inserted
> 2 2
-----------
|       |
|   X   |
|       |
-----------
Please enter the place of symbol to be inserted
> 2 1
-----------
|       |
| O X   |
|       |
-----------
Please enter the place of symbol to be inserted
> 4 4
Coordinates should be from 1 to 3!
-----------
|       |
| O X   |
|       |
-----------
Please enter the place of symbol to be inserted
> 3 3
-----------
|       |
| O X   |
|     X |
-----------
Please enter the place of symbol to be inserted
> 1 1
-----------
| O     |
| O X   |
|     X |
-----------
Please enter the place of symbol to be inserted
> 3 4
Coordinates should be from 1 to 3!
-----------
| O     |
| O X   |
|     X |
-----------
Please enter the place of symbol to be inserted
> 3 3
This cell is occupied! Choose another one!
-----------
| O     |
| O X   |
|     X |
-----------
Please enter the place of symbol to be inserted
> 3 3
This cell is occupied! Choose another one!
-----------
| O     |
| O X   |
|     X |
-----------
Please enter the place of symbol to be inserted
> 1 1
This cell is occupied! Choose another one!
-----------
| O     |
| O X   |
|     X |
-----------
Please enter the place of symbol to be inserted
> 1 3
-----------
| O   X |
| O X   |
|     X |
-----------
Please enter the place of symbol to be inserted
> 2 1
This cell is occupied! Choose another one!
-----------
| O   X |
| O X   |
|     X |
-----------
Please enter the place of symbol to be inserted
> 2 2
This cell is occupied! Choose another one!
-----------
| O   X |
| O X   |
|     X |
-----------
Please enter the place of symbol to be inserted
> 2 3
-----------
| O   X |
| O X O |
|     X |
-----------
Please enter the place of symbol to be inserted
> 3 1
-----------
| O   X |
| O X O |
| X   X |
-----------
X wins
?[1;31m
Start test 4?[0m
-----------
|       |
|       |
|       |
-----------
Please enter the place of symbol to be inserted
> 4 3
Coordinates should be from 1 to 3!
-----------
|       |
|       |
|       |
-----------
Please enter the place of symbol to be inserted
> 1 1
-----------
| X     |
|       |
|       |
-----------
Please enter the place of symbol to be inserted
> 2 3
-----------
| X     |
|     O |
|       |
-----------
Please enter the place of symbol to be inserted
> 4 2
Coordinates should be from 1 to 3!
-----------
| X     |
|     O |
|       |
-----------
Please enter the place of symbol to be inserted
> 4 3
Coordinates should be from 1 to 3!
-----------
| X     |
|     O |
|       |
-----------
Please enter the place of symbol to be inserted
> 4 1
Coordinates should be from 1 to 3!
-----------
| X     |
|     O |
|       |
-----------
Please enter the place of symbol to be inserted
> 2 2
-----------
| X     |
|   X O |
|       |
-----------
Please enter the place of symbol to be inserted
> 4 2
Coordinates should be from 1 to 3!
-----------
| X     |
|   X O |
|       |
-----------
Please enter the place of symbol to be inserted
> 1 4
Coordinates should be from 1 to 3!
-----------
| X     |
|   X O |
|       |
-----------
Please enter the place of symbol to be inserted
> 3 2
-----------
| X     |
|   X O |
|   O   |
-----------
Please enter the place of symbol to be inserted
> 4 1
Coordinates should be from 1 to 3!
-----------
| X     |
|   X O |
|   O   |
-----------
Please enter the place of symbol to be inserted
> 2 1
-----------
| X     |
| X X O |
|   O   |
-----------
Please enter the place of symbol to be inserted
> 2 2
This cell is occupied! Choose another one!
-----------
| X     |
| X X O |
|   O   |
-----------
Please enter the place of symbol to be inserted
> 2 3
This cell is occupied! Choose another one!
-----------
| X     |
| X X O |
|   O   |
-----------
Please enter the place of symbol to be inserted
> 3 1
-----------
| X     |
| X X O |
| O O   |
-----------
Please enter the place of symbol to be inserted
> 3 2
This cell is occupied! Choose another one!
-----------
| X     |
| X X O |
| O O   |
-----------
Please enter the place of symbol to be inserted
> 3 3
-----------
| X     |
| X X O |
| O O X |
-----------
X wins
?[1;31m
Start test 5?[0m
-----------
|       |
|       |
|       |
-----------
Please enter the place of symbol to be inserted
> 4 1
Coordinates should be from 1 to 3!
-----------
|       |
|       |
|       |
-----------
Please enter the place of symbol to be inserted
> 4 1
Coordinates should be from 1 to 3!
-----------
|       |
|       |
|       |
-----------
Please enter the place of symbol to be inserted
> 1 4
Coordinates should be from 1 to 3!
-----------
|       |
|       |
|       |
-----------
Please enter the place of symbol to be inserted
> 3 3
-----------
|       |
|       |
|     X |
-----------
Please enter the place of symbol to be inserted
> 1 3
-----------
|     O |
|       |
|     X |
-----------
Please enter the place of symbol to be inserted
> 2 4
Coordinates should be from 1 to 3!
-----------
|     O |
|       |
|     X |
-----------
Please enter the place of symbol to be inserted
> 1 4
Coordinates should be from 1 to 3!
-----------
|     O |
|       |
|     X |
-----------
Please enter the place of symbol to be inserted
> 1 3
This cell is occupied! Choose another one!
-----------
|     O |
|       |
|     X |
-----------
Please enter the place of symbol to be inserted
> 4 4
Coordinates should be from 1 to 3!
-----------
|     O |
|       |
|     X |
-----------
Please enter the place of symbol to be inserted
> 3 4
Coordinates should be from 1 to 3!
-----------
|     O |
|       |
|     X |
-----------
Please enter the place of symbol to be inserted
> 2 2
-----------
|     O |
|   X   |
|     X |
-----------
Please enter the place of symbol to be inserted
> 2 3
-----------
|     O |
|   X O |
|     X |
-----------
Please enter the place of symbol to be inserted
> 3 1
-----------
|     O |
|   X O |
| X   X |
-----------
Please enter the place of symbol to be inserted
> 3 2
-----------
|     O |
|   X O |
| X O X |
-----------
Please enter the place of symbol to be inserted
> 3 3
This cell is occupied! Choose another one!
-----------
|     O |
|   X O |
| X O X |
-----------
Please enter the place of symbol to be inserted
> 1 1
-----------
| X   O |
|   X O |
| X O X |
-----------
X wins
?[1;31m
Start test 6?[0m
-----------
|       |
|       |
|       |
-----------
Please enter the place of symbol to be inserted
> 4 5
Coordinates should be from 1 to 3!
-----------
|       |
|       |
|       |
-----------
Please enter the place of symbol to be inserted
> 2 2
-----------
|       |
|   X   |
|       |
-----------
Please enter the place of symbol to be inserted
> 2 2
This cell is occupied! Choose another one!
-----------
|       |
|   X   |
|       |
-----------
Please enter the place of symbol to be inserted
> 3 4
Coordinates should be from 1 to 3!
-----------
|       |
|   X   |
|       |
-----------
Please enter the place of symbol to be inserted
> 4 4
Coordinates should be from 1 to 3!
-----------
|       |
|   X   |
|       |
-----------
Please enter the place of symbol to be inserted
> 1 3
-----------
|     O |
|   X   |
|       |
-----------
Please enter the place of symbol to be inserted
> 2 1
-----------
|     O |
| X X   |
|       |
-----------
Please enter the place of symbol to be inserted
> 3 2
-----------
|     O |
| X X   |
|   O   |
-----------
Please enter the place of symbol to be inserted
> 4 3
Coordinates should be from 1 to 3!
-----------
|     O |
| X X   |
|   O   |
-----------
Please enter the place of symbol to be inserted
> 4 3
Coordinates should be from 1 to 3!
-----------
|     O |
| X X   |
|   O   |
-----------
Please enter the place of symbol to be inserted
> 3 1
-----------
|     O |
| X X   |
| X O   |
-----------
Please enter the place of symbol to be inserted
> 2 3
-----------
|     O |
| X X O |
| X O   |
-----------
Please enter the place of symbol to be inserted
> 3 1
This cell is occupied! Choose another one!
-----------
|     O |
| X X O |
| X O   |
-----------
Please enter the place of symbol to be inserted
> 3 2
This cell is occupied! Choose another one!
-----------
|     O |
| X X O |
| X O   |
-----------
Please enter the place of symbol to be inserted
> 3 3
-----------
|     O |
| X X O |
| X O X |
-----------
Please enter the place of symbol to be inserted
> 1 1
-----------
| O   O |
| X X O |
| X O X |
-----------
Please enter the place of symbol to be inserted
> 1 2
-----------
| O X O |
| X X O |
| X O X |
-----------
Draw
?[1;31m
Start test 7?[0m
-----------
|       |
|       |
|       |
-----------
Please enter the place of symbol to be inserted
> 3 3
-----------
|       |
|       |
|     X |
-----------
Please enter the place of symbol to be inserted
> 2 2
-----------
|       |
|   O   |
|     X |
-----------
Please enter the place of symbol to be inserted
> 1 2
-----------
|   X   |
|   O   |
|     X |
-----------
Please enter the place of symbol to be inserted
> 3 1
-----------
|   X   |
|   O   |
| O   X |
-----------
Please enter the place of symbol to be inserted
> 4 1
Coordinates should be from 1 to 3!
-----------
|   X   |
|   O   |
| O   X |
-----------
Please enter the place of symbol to be inserted
> 4 3
Coordinates should be from 1 to 3!
-----------
|   X   |
|   O   |
| O   X |
-----------
Please enter the place of symbol to be inserted
> 2 4
Coordinates should be from 1 to 3!
-----------
|   X   |
|   O   |
| O   X |
-----------
Please enter the place of symbol to be inserted
> 2 4
Coordinates should be from 1 to 3!
-----------
|   X   |
|   O   |
| O   X |
-----------
Please enter the place of symbol to be inserted
> 2 2
This cell is occupied! Choose another one!
-----------
|   X   |
|   O   |
| O   X |
-----------
Please enter the place of symbol to be inserted
> 1 3
-----------
|   X X |
|   O   |
| O   X |
-----------
Please enter the place of symbol to be inserted
> 3 1
This cell is occupied! Choose another one!
-----------
|   X X |
|   O   |
| O   X |
-----------
Please enter the place of symbol to be inserted
> 3 2
-----------
|   X X |
|   O   |
| O O X |
-----------
Please enter the place of symbol to be inserted
> 3 3
This cell is occupied! Choose another one!
-----------
|   X X |
|   O   |
| O O X |
-----------
Please enter the place of symbol to be inserted
> 1 1
-----------
| X X X |
|   O   |
| O O X |
-----------
X wins
?[1;31m
Start test 8?[0m
-----------
|       |
|       |
|       |
-----------
Please enter the place of symbol to be inserted
> 4 7
Coordinates should be from 1 to 3!
-----------
|       |
|       |
|       |
-----------
Please enter the place of symbol to be inserted
> 2 4
Coordinates should be from 1 to 3!
-----------
|       |
|       |
|       |
-----------
Please enter the place of symbol to be inserted
> 3 2
-----------
|       |
|       |
|   X   |
-----------
Please enter the place of symbol to be inserted
> 2 4
Coordinates should be from 1 to 3!
-----------
|       |
|       |
|   X   |
-----------
Please enter the place of symbol to be inserted
> 3 1
-----------
|       |
|       |
| O X   |
-----------
Please enter the place of symbol to be inserted
> 3 1
This cell is occupied! Choose another one!
-----------
|       |
|       |
| O X   |
-----------
Please enter the place of symbol to be inserted
> 2 2
-----------
|       |
|   X   |
| O X   |
-----------
Please enter the place of symbol to be inserted
> 3 1
This cell is occupied! Choose another one!
-----------
|       |
|   X   |
| O X   |
-----------
Please enter the place of symbol to be inserted
> 3 3
-----------
|       |
|   X   |
| O X O |
-----------
Please enter the place of symbol to be inserted
> 2 3
-----------
|       |
|   X X |
| O X O |
-----------
Please enter the place of symbol to be inserted
> 4 4
Coordinates should be from 1 to 3!
-----------
|       |
|   X X |
| O X O |
-----------
Please enter the place of symbol to be inserted
> 3 2
This cell is occupied! Choose another one!
-----------
|       |
|   X X |
| O X O |
-----------
Please enter the place of symbol to be inserted
> 3 3
This cell is occupied! Choose another one!
-----------
|       |
|   X X |
| O X O |
-----------
Please enter the place of symbol to be inserted
> 1 1
-----------
| O     |
|   X X |
| O X O |
-----------
Please enter the place of symbol to be inserted
> 1 2
-----------
| O X   |
|   X X |
| O X O |
-----------
X wins
?[1;31m
Start test 9?[0m
-----------
|       |
|       |
|       |
-----------
Please enter the place of symbol to be inserted
> 1 3
-----------
|     X |
|       |
|       |
-----------
Please enter the place of symbol to be inserted
> 2 1
-----------
|     X |
| O     |
|       |
-----------
Please enter the place of symbol to be inserted
> 4 3
Coordinates should be from 1 to 3!
-----------
|     X |
| O     |
|       |
-----------
Please enter the place of symbol to be inserted
> 4 3
Coordinates should be from 1 to 3!
-----------
|     X |
| O     |
|       |
-----------
Please enter the place of symbol to be inserted
> 2 2
-----------
|     X |
| O X   |
|       |
-----------
Please enter the place of symbol to be inserted
> 4 1
Coordinates should be from 1 to 3!
-----------
|     X |
| O X   |
|       |
-----------
Please enter the place of symbol to be inserted
> 4 1
Coordinates should be from 1 to 3!
-----------
|     X |
| O X   |
|       |
-----------
Please enter the place of symbol to be inserted
> 1 1
-----------
| O   X |
| O X   |
|       |
-----------
Please enter the place of symbol to be inserted
> 3 2
-----------
| O   X |
| O X   |
|   X   |
-----------
Please enter the place of symbol to be inserted
> 4 3
Coordinates should be from 1 to 3!
-----------
| O   X |
| O X   |
|   X   |
-----------
Please enter the place of symbol to be inserted
> 3 3
-----------
| O   X |
| O X   |
|   X O |
-----------
Please enter the place of symbol to be inserted
> 1 1
This cell is occupied! Choose another one!
-----------
| O   X |
| O X   |
|   X O |
-----------
Please enter the place of symbol to be inserted
> 1 2
-----------
| O X X |
| O X   |
|   X O |
-----------
X wins
]]></system-out>
  <system-err><![CDATA[]]></system-err>
</testsuite>
